0 info it worked if it ends with ok
1 verbose cli [ 'node', '/usr/local/bin/npm', 'version', 'minor' ]
2 info using npm@2.11.3
3 info using node@v0.12.7
4 info preversion d3-svg-legend@1.3.0
5 info git [ 'status', '--porcelain' ]
6 verbose stack Error: Error: Git working directory not clean.
6 verbose stack M d3-legend.js
6 verbose stack M d3-legend.min.js
6 verbose stack M docs/d3-legend.min.js
6 verbose stack     at /usr/local/lib/node_modules/npm/lib/version.js:71:23
6 verbose stack     at /usr/local/lib/node_modules/npm/lib/version.js:151:34
6 verbose stack     at ChildProcess.exithandler (child_process.js:742:7)
6 verbose stack     at ChildProcess.emit (events.js:110:17)
6 verbose stack     at maybeClose (child_process.js:1015:16)
6 verbose stack     at Socket.<anonymous> (child_process.js:1183:11)
6 verbose stack     at Socket.emit (events.js:107:17)
6 verbose stack     at Pipe.close (net.js:485:12)
7 verbose cwd /Users/susielu/github/d3-legend
8 error Darwin 14.4.0
9 error argv "node" "/usr/local/bin/npm" "version" "minor"
10 error node v0.12.7
11 error npm  v2.11.3
12 error Error: Git working directory not clean.
12 error M d3-legend.js
12 error M d3-legend.min.js
12 error M docs/d3-legend.min.js
13 error If you need help, you may report this error at:
13 error     <https://github.com/npm/npm/issues>
14 verbose exit [ 1, true ]
